[2025-05-17T16:17:48.598Z] INFO: server started at port 5000
[2025-05-17T16:20:51.910Z] INFO: server started at port 5000 and host localhost
[2025-05-17T16:27:18.415Z] INFO: server started at port 5000 and host localhost
[2025-05-17T16:36:21.546Z] INFO: server started at port 5000 and host localhost
[2025-05-17T16:36:27.692Z] INFO: GET /user/5 200 3.005 ms
[2025-05-18T06:07:33.491Z] INFO: server started at port 5000 and host localhost
[2025-05-18T06:07:33.559Z] INFO: Database connected
[2025-05-18T06:07:48.991Z] INFO: server started at port 5000 and host localhost
[2025-05-18T06:07:49.023Z] ERROR: Database connection failed: SequelizeAccessDeniedError: Access denied for user ''@'localhost' (using password: NO)
[2025-05-18T06:08:01.158Z] INFO: server started at port 5000 and host localhost
[2025-05-18T06:08:01.181Z] ERROR: Database connection failed: SequelizeAccessDeniedError: Access denied for user ''@'localhost' (using password: NO)
[2025-05-18T06:10:45.359Z] INFO: server started at port 5000 and host localhost
[2025-05-18T06:10:45.384Z] ERROR: Database connection failed: SequelizeAccessDeniedError: Access denied for user ''@'localhost' (using password: NO)
[2025-05-18T06:10:48.027Z] INFO: server started at port 5000 and host localhost
[2025-05-18T06:10:48.052Z] ERROR: Database connection failed: SequelizeAccessDeniedError: Access denied for user ''@'localhost' (using password: NO)
[2025-05-18T06:10:54.683Z] INFO: server started at port 5000 and host localhost
[2025-05-18T06:10:54.707Z] ERROR: Database connection failed: SequelizeAccessDeniedError: Access denied for user ''@'localhost' (using password: NO)
[2025-05-18T06:11:02.203Z] INFO: server started at port 5000 and host localhost
[2025-05-18T06:11:02.279Z] ERROR: Database connection failed: SequelizeAccessDeniedError: Access denied for user ''@'localhost' (using password: NO)
[2025-05-18T06:11:06.488Z] INFO: server started at port 5000 and host localhost
[2025-05-18T06:11:06.511Z] ERROR: Database connection failed: SequelizeAccessDeniedError: Access denied for user ''@'localhost' (using password: NO)
[2025-05-18T06:12:41.208Z] INFO: server started at port 5001 and host localhost
[2025-05-18T06:12:41.232Z] ERROR: Database connection failed: SequelizeAccessDeniedError: Access denied for user ''@'localhost' (using password: NO)
[2025-05-18T06:13:05.275Z] INFO: server started at port 5001 and host localhost
[2025-05-18T06:13:05.306Z] ERROR: Database connection failed: SequelizeAccessDeniedError: Access denied for user ''@'localhost' (using password: NO)
[2025-05-18T06:14:55.017Z] INFO: server started at port 5001 and host localhost
[2025-05-18T06:14:55.062Z] INFO: Database connected
[2025-05-23T07:52:15.168Z] INFO: server started at port 5001 and host localhost
[2025-05-23T07:52:15.395Z] INFO: Database connected
[2025-05-23T07:55:32.388Z] INFO: server started at port 5001 and host localhost
[2025-05-23T07:55:32.439Z] INFO: Database connected
[2025-05-23T07:56:04.747Z] INFO: server started at port 5001 and host localhost
[2025-05-23T07:56:04.795Z] INFO: Database connected
[5/23/2025, 11:05:28 AM] INFO: server started at port 5001 and host localhost
[5/23/2025, 11:05:29 AM] INFO: Database connected
